Performing C++ SOURCE FILE Test CMAKE_HAVE_LIBC_PTHREAD failed with the following output:
Change Dir: /work/build_android/CMakeFiles/CMakeScratch/TryCompile-uYrAc9

Run Build Command(s):/usr/bin/gmake -f Makefile cmTC_c73cf/fast && /usr/bin/gmake  -f CMakeFiles/cmTC_c73cf.dir/build.make CMakeFiles/cmTC_c73cf.dir/build
gmake[1]: Entering directory '/work/build_android/CMakeFiles/CMakeScratch/TryCompile-uYrAc9'
Building CXX object CMakeFiles/cmTC_c73cf.dir/src.cxx.o
/opt/sdk/android/ndk/28.0.13004108/toolchains/llvm/prebuilt/linux-x86_64/bin/clang++ --target=x86_64-none-linux-android35 --sysroot=/opt/sdk/android/ndk/28.0.13004108/toolchains/llvm/prebuilt/linux-x86_64/sysroot -DCMAKE_HAVE_LIBC_PTHREAD  -g -DANDROID -fdata-sections -ffunction-sections -funwind-tables -fstack-protector-strong -no-canonical-prefixes -D_FORTIFY_SOURCE=2 -Wformat -Werror=format-security    -fPIE -MD -MT CMakeFiles/cmTC_c73cf.dir/src.cxx.o -MF CMakeFiles/cmTC_c73cf.dir/src.cxx.o.d -o CMakeFiles/cmTC_c73cf.dir/src.cxx.o -c /work/build_android/CMakeFiles/CMakeScratch/TryCompile-uYrAc9/src.cxx
/work/build_android/CMakeFiles/CMakeScratch/TryCompile-uYrAc9/src.cxx:13:3: error: use of undeclared identifier 'pthread_cancel'
   13 |   pthread_cancel(thread);
      |   ^
1 error generated.
gmake[1]: *** [CMakeFiles/cmTC_c73cf.dir/build.make:79: CMakeFiles/cmTC_c73cf.dir/src.cxx.o] Error 1
gmake[1]: Leaving directory '/work/build_android/CMakeFiles/CMakeScratch/TryCompile-uYrAc9'
gmake: *** [Makefile:127: cmTC_c73cf/fast] Error 2


Source file was:
#include <pthread.h>

static void* test_func(void* data)
{
  return data;
}

int main(void)
{
  pthread_t thread;
  pthread_create(&thread, NULL, test_func, NULL);
  pthread_detach(thread);
  pthread_cancel(thread);
  pthread_join(thread, NULL);
  pthread_atfork(NULL, NULL, NULL);
  pthread_exit(NULL);

  return 0;
}


